#
# There is insufficient memory for the Java Runtime Environment to continue.
# Native memory allocation (malloc) failed to allocate 939856 bytes for Chunk::new
# Possible reasons:
#   The system is out of physical RAM or swap space
#   The process is running with CompressedOops enabled, and the Java Heap may be blocking the growth of the native heap
# Possible solutions:
#   Reduce memory load on the system
#   Increase physical memory or swap space
#   Check if swap backing store is full
#   Decrease Java heap size (-Xmx/-Xms)
#   Decrease number of Java threads
#   Decrease Java thread stack sizes (-Xss)
#   Set larger code cache with -XX:ReservedCodeCacheSize=
#   JVM is running with Zero Based Compressed Oops mode in which the Java heap is
#     placed in the first 32GB address space. The Java Heap base address is the
#     maximum limit for the native heap growth. Please use -XX:HeapBaseMinAddress
#     to set the Java Heap base and to place the Java Heap above 32GB virtual address.
# This output file may be truncated or incomplete.
#
#  Out of Memory Error (arena.cpp:168), pid=15680, tid=10252
#
# JRE version: Java(TM) SE Runtime Environment (21.0.8+12) (build 21.0.8+12-LTS-250)
# Java VM: Java HotSpot(TM) 64-Bit Server VM (21.0.8+12-LTS-250, mixed mode, sharing, tiered, compressed oops, compressed class ptrs, g1 gc, windows-amd64)
# No core dump will be written. Minidumps are not enabled by default on client versions of Windows
#

---------------  S U M M A R Y ------------

Command Line: --enable-native-access=ALL-UNNAMED -Dclassworlds.conf=C:\Program Files\apache-maven-3.9.11\bin\m2.conf -Dmaven.home=C:\Program Files\apache-maven-3.9.11 -Dlibrary.jansi.path=C:\Program Files\apache-maven-3.9.11\lib\jansi-native -Dmaven.multiModuleProjectDirectory=C:\Users\sivaa\Documents\project_management_app\backend org.codehaus.plexus.classworlds.launcher.Launcher test -Dtest=*Chat*

Host: AMD Ryzen 5 8640HS w/ Radeon 760M Graphics     , 12 cores, 15G,  Windows 11 , 64 bit Build 26100 (10.0.26100.8521)
Time: Thu May 28 13:01:18 2026 Sri Lanka Standard Time elapsed time: 2.596760 seconds (0d 0h 0m 2s)

---------------  T H R E A D  ---------------

Current thread (0x000001fa05d630d0):  JavaThread "C2 CompilerThread2" daemon [_thread_in_native, id=10252, stack(0x00000013bf100000,0x00000013bf200000) (1024K)]


Current CompileTask:
C2:   2597 4441   !   4       org.codehaus.plexus.interpolation.reflection.ReflectionValueExtractor::getPropertyValue (114 bytes)

Stack: [0x00000013bf100000,0x00000013bf200000]
Native frames: (J=compiled Java code, j=interpreted, Vv=VM code, C=native code)
V  [jvm.dll+0x6cc179]
V  [jvm.dll+0x8584c1]
V  [jvm.dll+0x85a9ee]
V  [jvm.dll+0x85b0c3]
V  [jvm.dll+0x27ebf6]
V  [jvm.dll+0xc4f4d]
V  [jvm.dll+0xc5483]
V  [jvm.dll+0x3b6abc]
V  [jvm.dll+0x382a35]
V  [jvm.dll+0x381eaa]
V  [jvm.dll+0x247670]
V  [jvm.dll+0x246c4f]
V  [jvm.dll+0x1c7a3e]
V  [jvm.dll+0x256359]
V  [jvm.dll+0x2548ea]
V  [jvm.dll+0x3efef6]
V  [jvm.dll+0x80279b]
V  [jvm.dll+0x6ca85d]
C  [ucrtbase.dll+0x2cd30]
C  [KERNEL32.DLL+0x2e957]
C  [ntdll.dll+0x87c1c]


---------------  P R O C E S S  ---------------

Threads class SMR info:
_java_thread_list=0x000001fa06448050, length=14, elements={
0x000001f99e6d3680, 0x000001f9bfc09dd0, 0x000001f9bfc0b390, 0x000001f9bfc10f50,
0x000001f9bfc140d0, 0x000001f9bfc15690, 0x000001f9bfc1ec60, 0x000001f9bfc25b90,
0x000001f9bfc47400, 0x000001fa0513cd80, 0x000001fa0514b5d0, 0x000001fa05d637a0,
0x000001fa05d630d0, 0x000001fa0634e9e0
}

Java Threads: ( => current thread )
  0x000001f99e6d3680 JavaThread "main"                              [_thread_in_Java, id=14032, stack(0x00000013bde00000,0x00000013bdf00000) (1024K)]
  0x000001f9bfc09dd0 JavaThread "Reference Handler"          daemon [_thread_blocked, id=9956, stack(0x00000013be600000,0x00000013be700000) (1024K)]
  0x000001f9bfc0b390 JavaThread "Finalizer"                  daemon [_thread_blocked, id=23756, stack(0x00000013be700000,0x00000013be800000) (1024K)]
  0x000001f9bfc10f50 JavaThread "Signal Dispatcher"          daemon [_thread_blocked, id=10976, stack(0x00000013be800000,0x00000013be900000) (1024K)]
  0x000001f9bfc140d0 JavaThread "Attach Listener"            daemon [_thread_blocked, id=5916, stack(0x00000013be900000,0x00000013bea00000) (1024K)]
  0x000001f9bfc15690 JavaThread "Service Thread"             daemon [_thread_blocked, id=23588, stack(0x00000013bea00000,0x00000013beb00000) (1024K)]
  0x000001f9bfc1ec60 JavaThread "Monitor Deflation Thread"   daemon [_thread_blocked, id=7940, stack(0x00000013beb00000,0x00000013bec00000) (1024K)]
  0x000001f9bfc25b90 JavaThread "C2 CompilerThread0"         daemon [_thread_in_native, id=17884, stack(0x00000013bec00000,0x00000013bed00000) (1024K)]
  0x000001f9bfc47400 JavaThread "C1 CompilerThread0"         daemon [_thread_in_native, id=27588, stack(0x00000013bed00000,0x00000013bee00000) (1024K)]
  0x000001fa0513cd80 JavaThread "Notification Thread"        daemon [_thread_blocked, id=6956, stack(0x00000013bee00000,0x00000013bef00000) (1024K)]
  0x000001fa0514b5d0 JavaThread "Common-Cleaner"             daemon [_thread_blocked, id=7072, stack(0x00000013bef00000,0x00000013bf000000) (1024K)]
  0x000001fa05d637a0 JavaThread "C2 CompilerThread1"         daemon [_thread_in_native, id=8020, stack(0x00000013bf000000,0x00000013bf100000) (1024K)]
=>0x000001fa05d630d0 JavaThread "C2 CompilerThread2"         daemon [_thread_in_native, id=10252, stack(0x00000013bf100000,0x00000013bf200000) (1024K)]
  0x000001fa0634e9e0 JavaThread "Thread-1"                   daemon [_thread_blocked, id=9348, stack(0x00000013bfb00000,0x00000013bfc00000) (1024K)]
Total: 14

Other Threads:
  0x000001f99e6ae820 VMThread "VM Thread"                           [id=25840, stack(0x00000013be500000,0x00000013be600000) (1024K)]
  0x000001f9bfbdbe60 WatcherThread "VM Periodic Task Thread"        [id=9012, stack(0x00000013be400000,0x00000013be500000) (1024K)]
  0x000001f99e6aef60 WorkerThread "GC Thread#0"                     [id=16508, stack(0x00000013bdf00000,0x00000013be000000) (1024K)]
  0x000001f99e6aebc0 WorkerThread "GC Thread#1"                     [id=25796, stack(0x00000013bf200000,0x00000013bf300000) (1024K)]
  0x000001f99e6af6a0 WorkerThread "GC Thread#2"                     [id=27120, stack(0x00000013bf300000,0x00000013bf400000) (1024K)]
  0x000001fa05e31f20 WorkerThread "GC Thread#3"                     [id=4640, stack(0x00000013bf400000,0x00000013bf500000) (1024K)]
  0x000001fa05e32a00 WorkerThread "GC Thread#4"                     [id=5156, stack(0x00000013bf500000,0x00000013bf600000) (1024K)]
  0x000001fa05e334e0 WorkerThread "GC Thread#5"                     [id=27224, stack(0x00000013bf600000,0x00000013bf700000) (1024K)]
  0x000001fa05e33880 WorkerThread "GC Thread#6"                     [id=27380, stack(0x00000013bf700000,0x00000013bf800000) (1024K)]
  0x000001fa05e32da0 WorkerThread "GC Thread#7"                     [id=2096, stack(0x00000013bf800000,0x00000013bf900000) (1024K)]
  0x000001fa05e322c0 WorkerThread "GC Thread#8"                     [id=19008, stack(0x00000013bf900000,0x00000013bfa00000) (1024K)]
  0x000001fa05e33140 WorkerThread "GC Thread#9"                     [id=14160, stack(0x00000013bfa00000,0x00000013bfb00000) (1024K)]
  0x000001f99ec61310 ConcurrentGCThread "G1 Main Marker"            [id=26936, stack(0x00000013be000000,0x00000013be100000) (1024K)]
  0x000001f99e6afde0 WorkerThread "G1 Conc#0"                       [id=23876, stack(0x00000013be100000,0x00000013be200000) (1024K)]
  0x000001f99ecae4d0 ConcurrentGCThread "G1 Refine#0"               [id=2472, stack(0x00000013be200000,0x00000013be300000) (1024K)]
  0x000001f9bfaaf1c0 ConcurrentGCThread "G1 Service"                [id=25332, stack(0x00000013be300000,0x00000013be400000) (1024K)]
Total: 16

Threads with active compile tasks:
C2 CompilerThread0     2628 4458       4       org.eclipse.aether.artifact.DefaultArtifact::<init> (130 bytes)
C1 CompilerThread0     2628 4489       3       org.apache.maven.model.merge.ModelMerger::merge (45 bytes)
C2 CompilerThread1     2628 4450       4       org.apache.maven.model.merge.MavenModelMerger::mergePlugin_Executions (235 bytes)
C2 CompilerThread2     2628 4441   !   4       org.codehaus.plexus.interpolation.reflection.ReflectionValueExtractor::getPropertyValue (114 bytes)
Total: 4

VM state: not at safepoint (normal execution)

VM Mutex/Monitor currently owned by a thread: None

Heap address: 0x000000070bc00000, size: 3908 MB, Compressed Oops mode: Zero based, Oop shift amount: 3

CDS archive(s) mapped at: [0x000001f9c0000000-0x000001f9c0c90000-0x000001f9c0c90000), size 13172736, SharedBaseAddress: 0x000001f9c0000000, ArchiveRelocationMode: 1.
Compressed class space mapped at: 0x000001f9c1000000-0x000001fa01000000, reserved size: 1073741824
Narrow klass base: 0x000001f9c0000000, Narrow klass shift: 0, Narrow klass range: 0x100000000

GC Precious Log:
 CardTable entry size: 512
 Card Set container configuration: InlinePtr #cards 4 size 8 Array Of Cards #cards 16 size 48 Howl #buckets 8 coarsen threshold 3686 Howl Bitmap #cards 512 size 80 coarsen threshold 460 Card regions per heap region 1 cards per card region 4096
 CPUs: 12 total, 12 available
 Memory: 15624M
 Large Page Support: Disabled
 NUMA Support: Disabled
 Compressed Oops: Enabled (Zero based)
 Heap Region Size: 2M
 Heap Min Capacity: 8M
 Heap Initial Capacity: 246M
 Heap Max Capacity: 3908M
 Pre-touch: Disabled
 Parallel Workers: 10
 Concurrent Workers: 3
 Concurrent Refinement Workers: 10
 Periodic GC: Disabled

Heap:
 garbage-first heap   total 251904K, used 122141K [0x000000070bc00000, 0x0000000800000000)
  region size 2048K, 60 young (122880K), 1 survivors (2048K)
 Metaspace       used 16346K, committed 16640K, reserved 1114112K
  class space    used 1846K, committed 1984K, reserved 1048576K

Heap Regions: E=young(eden), S=young(survivor), O=old, HS=humongous(starts), HC=humongous(continues), CS=collection set, F=free, TAMS=top-at-mark-start, PB=parsable bottom
|   0|0x000000070bc00000, 0x000000070be00000, 0x000000070be00000|100%| O|  |TAMS 0x000000070bc00000| PB 0x000000070bc00000| Untracked 
|   1|0x000000070be00000, 0x000000070bf762b0, 0x000000070c000000| 73%| O|  |TAMS 0x000000070be00000| PB 0x000000070be00000| Untracked 
|   2|0x000000070c000000, 0x000000070c000000, 0x000000070c200000|  0%| F|  |TAMS 0x000000070c000000| PB 0x000000070c000000| Untracked 
|   3|0x000000070c200000, 0x000000070c200000, 0x000000070c400000|  0%| F|  |TAMS 0x000000070c200000| PB 0x000000070c200000| Untracked 
|   4|0x000000070c400000, 0x000000070c400000, 0x000000070c600000|  0%| F|  |TAMS 0x000000070c400000| PB 0x000000070c400000| Untracked 
|   5|0x000000070c600000, 0x000000070c600000, 0x000000070c800000|  0%| F|  |TAMS 0x000000070c600000| PB 0x000000070c600000| Untracked 
|   6|0x000000070c800000, 0x000000070c800000, 0x000000070ca00000|  0%| F|  |TAMS 0x000000070c800000| PB 0x000000070c800000| Untracked 
|   7|0x000000070ca00000, 0x000000070ca00000, 0x000000070cc00000|  0%| F|  |TAMS 0x000000070ca00000| PB 0x000000070ca00000| Untracked 
|   8|0x000000070cc00000, 0x000000070cc00000, 0x000000070ce00000|  0%| F|  |TAMS 0x000000070cc00000| PB 0x000000070cc00000| Untracked 
|   9|0x000000070ce00000, 0x000000070ce00000, 0x000000070d000000|  0%| F|  |TAMS 0x000000070ce00000| PB 0x000000070ce00000| Untracked 
|  10|0x000000070d000000, 0x000000070d000000, 0x000000070d200000|  0%| F|  |TAMS 0x000000070d000000| PB 0x000000070d000000| Untracked 
|  11|0x000000070d200000, 0x000000070d200000, 0x000000070d400000|  0%| F|  |TAMS 0x000000070d200000| PB 0x000000070d200000| Untracked 
|  12|0x000000070d400000, 0x000000070d400000, 0x000000070d600000|  0%| F|  |TAMS 0x000000070d400000| PB 0x000000070d400000| Untracked 
|  13|0x000000070d600000, 0x000000070d600000, 0x000000070d800000|  0%| F|  |TAMS 0x000000070d600000| PB 0x000000070d600000| Untracked 
|  14|0x000000070d800000, 0x000000070d800000, 0x000000070da00000|  0%| F|  |TAMS 0x000000070d800000| PB 0x000000070d800000| Untracked 
|  15|0x000000070da00000, 0x000000070da00000, 0x000000070dc00000|  0%| F|  |TAMS 0x000000070da00000| PB 0x000000070da00000| Untracked 
|  16|0x000000070dc00000, 0x000000070dc00000, 0x000000070de00000|  0%| F|  |TAMS 0x000000070dc00000| PB 0x000000070dc00000| Untracked 
|  17|0x000000070de00000, 0x000000070de00000, 0x000000070e000000|  0%| F|  |TAMS 0x000000070de00000| PB 0x000000070de00000| Untracked 
|  18|0x000000070e000000, 0x000000070e000000, 0x000000070e200000|  0%| F|  |TAMS 0x000000070e000000| PB 0x000000070e000000| Untracked 
|  19|0x000000070e200000, 0x000000070e200000, 0x000000070e400000|  0%| F|  |TAMS 0x000000070e200000| PB 0x000000070e200000| Untracked 
|  20|0x000000070e400000, 0x000000070e400000, 0x000000070e600000|  0%| F|  |TAMS 0x000000070e400000| PB 0x000000070e400000| Untracked 
|  21|0x000000070e600000, 0x000000070e600000, 0x000000070e800000|  0%| F|  |TAMS 0x000000070e600000| PB 0x000000070e600000| Untracked 
|  22|0x000000070e800000, 0x000000070e800000, 0x000000070ea00000|  0%| F|  |TAMS 0x000000070e800000| PB 0x000000070e800000| Untracked 
|  23|0x000000070ea00000, 0x000000070ea00000, 0x000000070ec00000|  0%| F|  |TAMS 0x000000070ea00000| PB 0x000000070ea00000| Untracked 
|  24|0x000000070ec00000, 0x000000070ec00000, 0x000000070ee00000|  0%| F|  |TAMS 0x000000070ec00000| PB 0x000000070ec00000| Untracked 
|  25|0x000000070ee00000, 0x000000070ee00000, 0x000000070f000000|  0%| F|  |TAMS 0x000000070ee00000| PB 0x000000070ee00000| Untracked 
|  26|0x000000070f000000, 0x000000070f000000, 0x000000070f200000|  0%| F|  |TAMS 0x000000070f000000| PB 0x000000070f000000| Untracked 
|  27|0x000000070f200000, 0x000000070f200000, 0x000000070f400000|  0%| F|  |TAMS 0x000000070f200000| PB 0x000000070f200000| Untracked 
|  28|0x000000070f400000, 0x000000070f400000, 0x000000070f600000|  0%| F|  |TAMS 0x000000070f400000| PB 0x000000070f400000| Untracked 
|  29|0x000000070f600000, 0x000000070f600000, 0x000000070f800000|  0%| F|  |TAMS 0x000000070f600000| PB 0x000000070f600000| Untracked 
|  30|0x000000070f800000, 0x000000070f800000, 0x000000070fa00000|  0%| F|  |TAMS 0x000000070f800000| PB 0x000000070f800000| Untracked 
|  31|0x000000070fa00000, 0x000000070fa00000, 0x000000070fc00000|  0%| F|  |TAMS 0x000000070fa00000| PB 0x000000070fa00000| Untracked 
|  32|0x000000070fc00000, 0x000000070fc00000, 0x000000070fe00000|  0%| F|  |TAMS 0x000000070fc00000| PB 0x000000070fc00000| Untracked 
|  33|0x000000070fe00000, 0x000000070fe00000, 0x0000000710000000|  0%| F|  |TAMS 0x000000070fe00000| PB 0x000000070fe00000| Untracked 
|  34|0x0000000710000000, 0x0000000710000000, 0x0000000710200000|  0%| F|  |TAMS 0x0000000710000000| PB 0x0000000710000000| Untracked 
|  35|0x0000000710200000, 0x0000000710200000, 0x0000000710400000|  0%| F|  |TAMS 0x0000000710200000| PB 0x0000000710200000| Untracked 
|  36|0x0000000710400000, 0x0000000710400000, 0x0000000710600000|  0%| F|  |TAMS 0x0000000710400000| PB 0x0000000710400000| Untracked 
|  37|0x0000000710600000, 0x0000000710600000, 0x0000000710800000|  0%| F|  |TAMS 0x0000000710600000| PB 0x0000000710600000| Untracked 
|  38|0x0000000710800000, 0x0000000710800000, 0x0000000710a00000|  0%| F|  |TAMS 0x0000000710800000| PB 0x0000000710800000| Untracked 
|  39|0x0000000710a00000, 0x0000000710a00000, 0x0000000710c00000|  0%| F|  |TAMS 0x0000000710a00000| PB 0x0000000710a00000| Untracked 
|  40|0x0000000710c00000, 0x0000000710c00000, 0x0000000710e00000|  0%| F|  |TAMS 0x0000000710c00000| PB 0x0000000710c00000| Untracked 
|  41|0x0000000710e00000, 0x0000000710e00000, 0x0000000711000000|  0%| F|  |TAMS 0x0000000710e00000| PB 0x0000000710e00000| Untracked 
|  42|0x0000000711000000, 0x0000000711000000, 0x0000000711200000|  0%| F|  |TAMS 0x0000000711000000| PB 0x0000000711000000| Untracked 
|  43|0x0000000711200000, 0x0000000711200000, 0x0000000711400000|  0%| F|  |TAMS 0x0000000711200000| PB 0x0000000711200000| Untracked 
|  44|0x0000000711400000, 0x0000000711400000, 0x0000000711600000|  0%| F|  |TAMS 0x0000000711400000| PB 0x0000000711400000| Untracked 
|  45|0x0000000711600000, 0x0000000711600000, 0x0000000711800000|  0%| F|  |TAMS 0x0000000711600000| PB 0x0000000711600000| Untracked 
|  46|0x0000000711800000, 0x0000000711800000, 0x0000000711a00000|  0%| F|  |TAMS 0x0000000711800000| PB 0x0000000711800000| Untracked 
|  47|0x0000000711a00000, 0x0000000711a00000, 0x0000000711c00000|  0%| F|  |TAMS 0x0000000711a00000| PB 0x0000000711a00000| Untracked 
|  48|0x0000000711c00000, 0x0000000711c00000, 0x0000000711e00000|  0%| F|  |TAMS 0x0000000711c00000| PB 0x0000000711c00000| Untracked 
|  49|0x0000000711e00000, 0x0000000711e00000, 0x0000000712000000|  0%| F|  |TAMS 0x0000000711e00000| PB 0x0000000711e00000| Untracked 
|  50|0x0000000712000000, 0x0000000712000000, 0x0000000712200000|  0%| F|  |TAMS 0x0000000712000000| PB 0x0000000712000000| Untracked 
|  51|0x0000000712200000, 0x0000000712200000, 0x0000000712400000|  0%| F|  |TAMS 0x0000000712200000| PB 0x0000000712200000| Untracked 
|  52|0x0000000712400000, 0x0000000712400000, 0x0000000712600000|  0%| F|  |TAMS 0x0000000712400000| PB 0x0000000712400000| Untracked 
|  53|0x0000000712600000, 0x0000000712600000, 0x0000000712800000|  0%| F|  |TAMS 0x0000000712600000| PB 0x0000000712600000| Untracked 
|  54|0x0000000712800000, 0x0000000712800000, 0x0000000712a00000|  0%| F|  |TAMS 0x0000000712800000| PB 0x0000000712800000| Untracked 
|  55|0x0000000712a00000, 0x0000000712a00000, 0x0000000712c00000|  0%| F|  |TAMS 0x0000000712a00000| PB 0x0000000712a00000| Untracked 
|  56|0x0000000712c00000, 0x0000000712c00000, 0x0000000712e00000|  0%| F|  |TAMS 0x0000000712c00000| PB 0x0000000712c00000| Untracked 
|  57|0x0000000712e00000, 0x0000000712e00000, 0x0000000713000000|  0%| F|  |TAMS 0x0000000712e00000| PB 0x0000000712e00000| Untracked 
|  58|0x0000000713000000, 0x0000000713000000, 0x0000000713200000|  0%| F|  |TAMS 0x0000000713000000| PB 0x0000000713000000| Untracked 
|  59|0x0000000713200000, 0x0000000713200000, 0x0000000713400000|  0%| F|  |TAMS 0x0000000713200000| PB 0x0000000713200000| Untracked 
|  60|0x0000000713400000, 0x0000000713400000, 0x0000000713600000|  0%| F|  |TAMS 0x0000000713400000| PB 0x0000000713400000| Untracked 
|  61|0x0000000713600000, 0x0000000713600000, 0x0000000713800000|  0%| F|  |TAMS 0x0000000713600000| PB 0x0000000713600000| Untracked 
|  62|0x0000000713800000, 0x0000000713800000, 0x0000000713a00000|  0%| F|  |TAMS 0x0000000713800000| PB 0x0000000713800000| Untracked 
|  63|0x0000000713a00000, 0x0000000713bf7798, 0x0000000713c00000| 98%| E|  |TAMS 0x0000000713a00000| PB 0x0000000713a00000| Complete 
|  64|0x0000000713c00000, 0x0000000713e00000, 0x0000000713e00000|100%| E|CS|TAMS 0x0000000713c00000| PB 0x0000000713c00000| Complete 
|  65|0x0000000713e00000, 0x0000000714000000, 0x0000000714000000|100%| E|CS|TAMS 0x0000000713e00000| PB 0x0000000713e00000| Complete 
|  66|0x0000000714000000, 0x0000000714200000, 0x0000000714200000|100%| E|CS|TAMS 0x0000000714000000| PB 0x0000000714000000| Complete 
|  67|0x0000000714200000, 0x0000000714400000, 0x0000000714400000|100%| E|CS|TAMS 0x0000000714200000| PB 0x0000000714200000| Complete 
|  68|0x0000000714400000, 0x0000000714600000, 0x0000000714600000|100%| E|CS|TAMS 0x0000000714400000| PB 0x0000000714400000| Complete 
|  69|0x0000000714600000, 0x0000000714800000, 0x0000000714800000|100%| E|CS|TAMS 0x0000000714600000| PB 0x0000000714600000| Complete 
|  70|0x0000000714800000, 0x0000000714a00000, 0x0000000714a00000|100%| E|CS|TAMS 0x0000000714800000| PB 0x0000000714800000| Complete 
|  71|0x0000000714a00000, 0x0000000714c00000, 0x0000000714c00000|100%| E|CS|TAMS 0x0000000714a00000| PB 0x0000000714a00000| Complete 
|  72|0x0000000714c00000, 0x0000000714e00000, 0x0000000714e00000|100%| E|CS|TAMS 0x0000000714c00000| PB 0x0000000714c00000| Complete 
|  73|0x0000000714e00000, 0x0000000715000000, 0x0000000715000000|100%| E|CS|TAMS 0x0000000714e00000| PB 0x0000000714e00000| Complete 
|  74|0x0000000715000000, 0x0000000715200000, 0x0000000715200000|100%| E|CS|TAMS 0x0000000715000000| PB 0x0000000715000000| Complete 
|  75|0x0000000715200000, 0x0000000715400000, 0x0000000715400000|100%| E|CS|TAMS 0x0000000715200000| PB 0x0000000715200000| Complete 
|  76|0x0000000715400000, 0x0000000715600000, 0x0000000715600000|100%| E|CS|TAMS 0x0000000715400000| PB 0x0000000715400000| Complete 
|  77|0x0000000715600000, 0x0000000715800000, 0x0000000715800000|100%| E|CS|TAMS 0x0000000715600000| PB 0x0000000715600000| Complete 
|  78|0x0000000715800000, 0x0000000715a00000, 0x0000000715a00000|100%| E|CS|TAMS 0x0000000715800000| PB 0x0000000715800000| Complete 
|  79|0x0000000715a00000, 0x0000000715c00000, 0x0000000715c00000|100%| E|CS|TAMS 0x0000000715a00000| PB 0x0000000715a00000| Complete 
|  80|0x0000000715c00000, 0x0000000715e00000, 0x0000000715e00000|100%| E|CS|TAMS 0x0000000715c00000| PB 0x0000000715c00000| Complete 
|  81|0x0000000715e00000, 0x0000000716000000, 0x0000000716000000|100%| E|CS|TAMS 0x0000000715e00000| PB 0x0000000715e00000| Complete 
|  82|0x0000000716000000, 0x0000000716200000, 0x0000000716200000|100%| E|CS|TAMS 0x0000000716000000| PB 0x0000000716000000| Complete 
|  83|0x0000000716200000, 0x0000000716400000, 0x0000000716400000|100%| E|CS|TAMS 0x0000000716200000| PB 0x0000000716200000| Complete 
|  84|0x0000000716400000, 0x0000000716600000, 0x0000000716600000|100%| E|CS|TAMS 0x0000000716400000| PB 0x0000000716400000| Complete 
|  85|0x0000000716600000, 0x0000000716800000, 0x0000000716800000|100%| E|CS|TAMS 0x0000000716600000| PB 0x0000000716600000| Complete 
|  86|0x0000000716800000, 0x0000000716a00000, 0x0000000716a00000|100%| E|  |TAMS 0x0000000716800000| PB 0x0000000716800000| Complete 
|  87|0x0000000716a00000, 0x0000000716c00000, 0x0000000716c00000|100%| E|CS|TAMS 0x0000000716a00000| PB 0x0000000716a00000| Complete 
|  88|0x0000000716c00000, 0x0000000716e00000, 0x0000000716e00000|100%| E|CS|TAMS 0x0000000716c00000| PB 0x0000000716c00000| Complete 
|  89|0x0000000716e00000, 0x0000000717000000, 0x0000000717000000|100%| E|CS|TAMS 0x0000000716e00000| PB 0x0000000716e00000| Complete 
|  90|0x0000000717000000, 0x0000000717200000, 0x0000000717200000|100%| E|CS|TAMS 0x0000000717000000| PB 0x0000000717000000| Complete 
|  91|0x0000000717200000, 0x0000000717400000, 0x0000000717400000|100%| E|CS|TAMS 0x0000000717200000| PB 0x0000000717200000| Complete 
|  92|0x0000000717400000, 0x0000000717600000, 0x0000000717600000|100%| E|CS|TAMS 0x0000000717400000| PB 0x0000000717400000| Complete 
|  93|0x0000000717600000, 0x0000000717800000, 0x0000000717800000|100%| E|CS|TAMS 0x0000000717600000| PB 0x0000000717600000| Complete 
|  94|0x0000000717800000, 0x0000000717a00000, 0x0000000717a00000|100%| E|CS|TAMS 0x0000000717800000| PB 0x0000000717800000| Complete 
|  95|0x0000000717a00000, 0x0000000717c00000, 0x0000000717c00000|100%| E|CS|TAMS 0x0000000717a00000| PB 0x0000000717a00000| Complete 
|  96|0x0000000717c00000, 0x0000000717e00000, 0x0000000717e00000|100%| E|CS|TAMS 0x0000000717c00000| PB 0x0000000717c00000| Complete 
|  97|0x0000000717e00000, 0x0000000718000000, 0x0000000718000000|100%| E|CS|TAMS 0x0000000717e00000| PB 0x0000000717e00000| Complete 
|  98|0x0000000718000000, 0x0000000718200000, 0x0000000718200000|100%| E|CS|TAMS 0x0000000718000000| PB 0x0000000718000000| Complete 
|  99|0x0000000718200000, 0x0000000718400000, 0x0000000718400000|100%| E|CS|TAMS 0x0000000718200000| PB 0x0000000718200000| Complete 
| 100|0x0000000718400000, 0x0000000718600000, 0x0000000718600000|100%| E|CS|TAMS 0x0000000718400000| PB 0x0000000718400000| Complete 
| 101|0x0000000718600000, 0x0000000718800000, 0x0000000718800000|100%| E|CS|TAMS 0x0000000718600000| PB 0x0000000718600000| Complete 
| 102|0x0000000718800000, 0x0000000718a00000, 0x0000000718a00000|100%| E|CS|TAMS 0x0000000718800000| PB 0x0000000718800000| Complete 
| 103|0x0000000718a00000, 0x0000000718c00000, 0x0000000718c00000|100%| E|CS|TAMS 0x0000000718a00000| PB 0x0000000718a00000| Complete 
| 104|0x0000000718c00000, 0x0000000718dd13d8, 0x0000000718e00000| 90%| S|CS|TAMS 0x0000000718c00000| PB 0x0000000718c00000| Complete 
| 105|0x0000000718e00000, 0x0000000719000000, 0x0000000719000000|100%| E|CS|TAMS 0x0000000718e00000| PB 0x0000000718e00000| Complete 
| 106|0x0000000719000000, 0x0000000719200000, 0x0000000719200000|100%| E|CS|TAMS 0x0000000719000000| PB 0x0000000719000000| Complete 
| 107|0x0000000719200000, 0x0000000719400000, 0x0000000719400000|100%| E|CS|TAMS 0x0000000719200000| PB 0x0000000719200000| Complete 
| 108|0x0000000719400000, 0x0000000719600000, 0x0000000719600000|100%| E|CS|TAMS 0x0000000719400000| PB 0x0000000719400000| Complete 
| 109|0x0000000719600000, 0x0000000719800000, 0x0000000719800000|100%| E|CS|TAMS 0x0000000719600000| PB 0x0000000719600000| Complete 
| 110|0x0000000719800000, 0x0000000719a00000, 0x0000000719a00000|100%| E|CS|TAMS 0x0000000719800000| PB 0x0000000719800000| Complete 
| 111|0x0000000719a00000, 0x0000000719c00000, 0x0000000719c00000|100%| E|CS|TAMS 0x0000000719a00000| PB 0x0000000719a00000| Complete 
| 112|0x0000000719c00000, 0x0000000719e00000, 0x0000000719e00000|100%| E|CS|TAMS 0x0000000719c00000| PB 0x0000000719c00000| Complete 
| 113|0x0000000719e00000, 0x000000071a000000, 0x000000071a000000|100%| E|CS|TAMS 0x0000000719e00000| PB 0x0000000719e00000| Complete 
| 114|0x000000071a000000, 0x000000071a200000, 0x000000071a200000|100%| E|CS|TAMS 0x000000071a000000| PB 0x000000071a000000| Complete 
| 115|0x000000071a200000, 0x000000071a400000, 0x000000071a400000|100%| E|CS|TAMS 0x000000071a200000| PB 0x000000071a200000| Complete 
| 116|0x000000071a400000, 0x000000071a600000, 0x000000071a600000|100%| E|CS|TAMS 0x000000071a400000| PB 0x000000071a400000| Complete 
| 117|0x000000071a600000, 0x000000071a800000, 0x000000071a800000|100%| E|CS|TAMS 0x000000071a600000| PB 0x000000071a600000| Complete 
| 118|0x000000071a800000, 0x000000071aa00000, 0x000000071aa00000|100%| E|CS|TAMS 0x000000071a800000| PB 0x000000071a800000| Complete 
| 119|0x000000071aa00000, 0x000000071ac00000, 0x000000071ac00000|100%| E|CS|TAMS 0x000000071aa00000| PB 0x000000071aa00000| Complete 
| 120|0x000000071ac00000, 0x000000071ae00000, 0x000000071ae00000|100%| E|CS|TAMS 0x000000071ac00000| PB 0x000000071ac00000| Complete 
| 121|0x000000071ae00000, 0x000000071b000000, 0x000000071b000000|100%| E|CS|TAMS 0x000000071ae00000| PB 0x000000071ae00000| Complete 
| 122|0x000000071b000000, 0x000000071b200000, 0x000000071b200000|100%| E|CS|TAMS 0x000000071b000000| PB 0x000000071b000000| Complete 

Card table byte_map: [0x000001f9b8ae0000,0x000001f9b9290000] _byte_map_base: 0x000001f9b5282000

Marking Bits: (CMBitMap*) 0x000001f99ec50de0
 Bits: [0x000001f9b9290000, 0x000001f9bcfa0000)

Polling page: 0x000001f99e8f0000

Metaspace:

Usage:
  Non-class:     14.18 MB used.
      Class:      1.80 MB used.
       Both:     15.98 MB used.

Virtual space:
  Non-class space:       64.00 MB reserved,      14.31 MB ( 22%) committed,  1 nodes.
      Class space:        1.00 GB reserved,       1.94 MB ( <1%) committed,  1 nodes.
             Both:        1.06 GB reserved,      16.25 MB (  1%) committed. 

Chunk freelists:
   Non-Class:  1.47 MB
       Class:  13.92 MB
        Both:  15.39 MB

MaxMetaspaceSize: unlimited
CompressedClassSpaceSize: 1.00 GB
Initial GC threshold: 21.00 MB
Current GC threshold: 21.00 MB
CDS: on
 - commit_granule_bytes: 65536.
 - commit_granule_words: 8192.
 - virtual_space_node_default_size: 8388608.
 - enlarge_chunks_in_place: 1.
 - use_allocation_guard: 0.


Internal statistics:

num_allocs_failed_limit: 0.
num_arena_births: 170.
num_arena_deaths: 0.
num_vsnodes_births: 2.
num_vsnodes_deaths: 0.
num_space_committed: 260.
num_space_uncommitted: 0.
num_chunks_returned_to_freelist: 0.
num_chunks_taken_from_freelist: 699.
num_chunk_merges: 0.
num_chunk_splits: 498.
num_chunks_enlarged: 414.
num_inconsistent_stats: 0.

CodeHeap 'non-profiled nmethods': size=120000Kb used=2369Kb max_used=2369Kb free=117630Kb
 bounds [0x000001f9b0180000, 0x000001f9b03f0000, 0x000001f9b76b0000]
CodeHeap 'profiled nmethods': size=120000Kb used=9510Kb max_used=9510Kb free=110489Kb
 bounds [0x000001f9a86b0000, 0x000001f9a9000000, 0x000001f9afbe0000]
CodeHeap 'non-nmethods': size=5760Kb used=1533Kb max_used=1618Kb free=4226Kb
 bounds [0x000001f9afbe0000, 0x000001f9afe50000, 0x000001f9b0180000]
 total_blobs=4987 nmethods=4500 adapters=391
 compilation: enabled
              stopped_count=0, restarted_count=0
 full_count=0

Compilation events (20 events):
Event: 2.568 Thread 0x000001f9bfc47400 nmethod 4463 0x000001f9a8fd3710 code [0x000001f9a8fd3900, 0x000001f9a8fd3e98]
Event: 2.568 Thread 0x000001f9bfc47400 4464       3       org.eclipse.aether.resolution.VersionRangeRequest::setRepositories (21 bytes)
Event: 2.568 Thread 0x000001f9bfc47400 nmethod 4464 0x000001f9a8fd4090 code [0x000001f9a8fd4240, 0x000001f9a8fd44d0]
Event: 2.568 Thread 0x000001f9bfc47400 4465       3       org.eclipse.aether.resolution.VersionRangeRequest::setRequestContext (19 bytes)
Event: 2.568 Thread 0x000001f9bfc47400 nmethod 4465 0x000001f9a8fd4590 code [0x000001f9a8fd4740, 0x000001f9a8fd4938]
Event: 2.568 Thread 0x000001f9bfc47400 4461       3       org.eclipse.aether.util.graph.selector.ScopeDependencySelector::deriveChildSelector (42 bytes)
Event: 2.568 Thread 0x000001f9bfc47400 nmethod 4461 0x000001f9a8fd4a10 code [0x000001f9a8fd4c00, 0x000001f9a8fd5170]
Event: 2.568 Thread 0x000001f9bfc47400 4462       3       org.eclipse.aether.internal.impl.collect.DefaultDependencyCollectionContext::set (19 bytes)
Event: 2.568 Thread 0x000001f9bfc47400 nmethod 4462 0x000001f9a8fd5390 code [0x000001f9a8fd5540, 0x000001f9a8fd57a0]
Event: 2.569 Thread 0x000001f9bfc47400 4466       3       org.apache.maven.model.building.DefaultModelBuilder::getCache (50 bytes)
Event: 2.570 Thread 0x000001f9bfc47400 nmethod 4466 0x000001f9a8fd5890 code [0x000001f9a8fd5ac0, 0x000001f9a8fd6198]
Event: 2.570 Thread 0x000001f9bfc47400 4467       3       org.apache.maven.model.merge.ModelMerger::mergePluginConfiguration_PluginManagement (49 bytes)
Event: 2.571 Thread 0x000001f9bfc47400 nmethod 4467 0x000001f9a8fd6410 code [0x000001f9a8fd65e0, 0x000001f9a8fd6bd8]
Event: 2.576 Thread 0x000001f9bfc47400 4469       3       org.eclipse.aether.internal.impl.collect.df.DfDependencyCollector::doRecurse (236 bytes)
Event: 2.578 Thread 0x000001f9bfc47400 nmethod 4469 0x000001f9a8fd6d90 code [0x000001f9a8fd7100, 0x000001f9a8fd87a0]
Event: 2.583 Thread 0x000001f9bfc47400 4470       3       org.apache.maven.model.building.DefaultModelBuilder$$Lambda/0x000001f9c11b4870::accept (12 bytes)
Event: 2.583 Thread 0x000001f9bfc47400 nmethod 4470 0x000001f9a8fd9310 code [0x000001f9a8fd94c0, 0x000001f9a8fd9750]
Event: 2.590 Thread 0x000001f9bfc47400 4471       2       java.util.HashMap::keysToArray (81 bytes)
Event: 2.591 Thread 0x000001f9bfc47400 nmethod 4471 0x000001f9a8fd9810 code [0x000001f9a8fd99c0, 0x000001f9a8fd9ce8]
Event: 2.593 Thread 0x000001f9bfc47400 4472       3       java.lang.StringBuilder::subSequence (7 bytes)

GC Heap History (4 events):
Event: 0.540 GC heap before
{Heap before GC invocations=0 (full 0):
 garbage-first heap   total 251904K, used 22528K [0x000000070bc00000, 0x0000000800000000)
  region size 2048K, 11 young (22528K), 0 survivors (0K)
 Metaspace       used 5640K, committed 5824K, reserved 1114112K
  class space    used 652K, committed 768K, reserved 1048576K
}
Event: 0.544 GC heap after
{Heap after GC invocations=1 (full 0):
 garbage-first heap   total 251904K, used 3810K [0x000000070bc00000, 0x0000000800000000)
  region size 2048K, 2 young (4096K), 2 survivors (4096K)
 Metaspace       used 5640K, committed 5824K, reserved 1114112K
  class space    used 652K, committed 768K, reserved 1048576K
}
Event: 1.003 GC heap before
{Heap before GC invocations=1 (full 0):
 garbage-first heap   total 251904K, used 36578K [0x000000070bc00000, 0x0000000800000000)
  region size 2048K, 18 young (36864K), 2 survivors (4096K)
 Metaspace       used 9966K, committed 10176K, reserved 1114112K
  class space    used 1180K, committed 1280K, reserved 1048576K
}
Event: 1.007 GC heap after
{Heap after GC invocations=2 (full 0):
 garbage-first heap   total 251904K, used 5405K [0x000000070bc00000, 0x0000000800000000)
  region size 2048K, 1 young (2048K), 1 survivors (2048K)
 Metaspace       used 9966K, committed 10176K, reserved 1114112K
  class space    used 1180K, committed 1280K, reserved 1048576K
}

Dll operation events (8 events):
Event: 0.006 Loaded shared library C:\Program Files\Java\jdk-21\bin\java.dll
Event: 0.030 Loaded shared library C:\Program Files\Java\jdk-21\bin\jsvml.dll
Event: 0.046 Loaded shared library C:\Program Files\Java\jdk-21\bin\net.dll
Event: 0.048 Loaded shared library C:\Program Files\Java\jdk-21\bin\nio.dll
Event: 0.053 Loaded shared library C:\Program Files\Java\jdk-21\bin\zip.dll
Event: 0.193 Loaded shared library C:\Program Files\Java\jdk-21\bin\jimage.dll
Event: 0.194 Loaded shared library C:\Program Files\apache-maven-3.9.11\lib\jansi-native\Windows\x86_64\jansi.dll
Event: 0.202 Loaded shared library C:\Program Files\Java\jdk-21\bin\verify.dll

Deoptimization events (20 events):
Event: 2.407 Thread 0x000001f99e6d3680 DEOPT PACKING pc=0x000001f9b03aba0c sp=0x00000013bdefcde0
Event: 2.407 Thread 0x000001f99e6d3680 DEOPT UNPACKING pc=0x000001f9afc37da2 sp=0x00000013bdefcd80 mode 2
Event: 2.408 Thread 0x000001f99e6d3680 Uncommon trap: trap_request=0xffffffbe fr.pc=0x000001f9b03aba0c relative=0x000000000000024c
Event: 2.408 Thread 0x000001f99e6d3680 Uncommon trap: reason=profile_predicate action=maybe_recompile pc=0x000001f9b03aba0c method=java.util.HashMap.keysToArray([Ljava/lang/Object;)[Ljava/lang/Object; @ 36 c2
Event: 2.408 Thread 0x000001f99e6d3680 DEOPT PACKING pc=0x000001f9b03aba0c sp=0x00000013bdefc9a0
Event: 2.408 Thread 0x000001f99e6d3680 DEOPT UNPACKING pc=0x000001f9afc37da2 sp=0x00000013bdefc940 mode 2
Event: 2.408 Thread 0x000001f99e6d3680 Uncommon trap: trap_request=0xffffffbe fr.pc=0x000001f9b03aba0c relative=0x000000000000024c
Event: 2.408 Thread 0x000001f99e6d3680 Uncommon trap: reason=profile_predicate action=maybe_recompile pc=0x000001f9b03aba0c method=java.util.HashMap.keysToArray([Ljava/lang/Object;)[Ljava/lang/Object; @ 36 c2
Event: 2.408 Thread 0x000001f99e6d3680 DEOPT PACKING pc=0x000001f9b03aba0c sp=0x00000013bdefcf00
Event: 2.408 Thread 0x000001f99e6d3680 DEOPT UNPACKING pc=0x000001f9afc37da2 sp=0x00000013bdefcea0 mode 2
Event: 2.412 Thread 0x000001f99e6d3680 Uncommon trap: trap_request=0xffffffde fr.pc=0x000001f9b01cd21c relative=0x0000000000000e9c
Event: 2.412 Thread 0x000001f99e6d3680 Uncommon trap: reason=class_check action=maybe_recompile pc=0x000001f9b01cd21c method=java.util.concurrent.ConcurrentHashMap.putVal(Ljava/lang/Object;Ljava/lang/Object;Z)Ljava/lang/Object; @ 242 c2
Event: 2.412 Thread 0x000001f99e6d3680 DEOPT PACKING pc=0x000001f9b01cd21c sp=0x00000013bdefd3b0
Event: 2.412 Thread 0x000001f99e6d3680 DEOPT UNPACKING pc=0x000001f9afc37da2 sp=0x00000013bdefd320 mode 2
Event: 2.415 Thread 0x000001f99e6d3680 Uncommon trap: trap_request=0xffffff45 fr.pc=0x000001f9b0286c78 relative=0x00000000000002b8
Event: 2.415 Thread 0x000001f99e6d3680 Uncommon trap: reason=unstable_if action=reinterpret pc=0x000001f9b0286c78 method=java.util.concurrent.ConcurrentHashMap.get(Ljava/lang/Object;)Ljava/lang/Object; @ 152 c2
Event: 2.415 Thread 0x000001f99e6d3680 DEOPT PACKING pc=0x000001f9b0286c78 sp=0x00000013bdefd440
Event: 2.415 Thread 0x000001f99e6d3680 DEOPT UNPACKING pc=0x000001f9afc37da2 sp=0x00000013bdefd3b8 mode 2
Event: 2.442 Thread 0x000001f99e6d3680 DEOPT PACKING pc=0x000001f9a8756063 sp=0x00000013bdefcbb0
Event: 2.442 Thread 0x000001f99e6d3680 DEOPT UNPACKING pc=0x000001f9afc388e2 sp=0x00000013bdefc090 mode 0

Classes loaded (20 events):
Event: 1.423 Loading class java/util/AbstractMap$2
Event: 1.423 Loading class java/util/AbstractMap$2 done
Event: 1.423 Loading class java/util/AbstractMap$2$1
Event: 1.423 Loading class java/util/AbstractMap$2$1 done
Event: 1.470 Loading class java/util/StringTokenizer
Event: 1.470 Loading class java/util/StringTokenizer done
Event: 1.519 Loading class java/util/stream/Streams$RangeIntSpliterator
Event: 1.519 Loading class java/util/stream/Streams$RangeIntSpliterator done
Event: 1.785 Loading class java/util/stream/MatchOps$MatchKind
Event: 1.785 Loading class java/util/stream/MatchOps$MatchKind done
Event: 1.785 Loading class java/util/stream/MatchOps
Event: 1.785 Loading class java/util/stream/MatchOps done
Event: 1.785 Loading class java/util/stream/MatchOps$MatchOp
Event: 1.785 Loading class java/util/stream/MatchOps$MatchOp done
Event: 1.785 Loading class java/util/stream/MatchOps$BooleanTerminalSink
Event: 1.785 Loading class java/util/stream/MatchOps$BooleanTerminalSink done
Event: 1.785 Loading class java/util/stream/MatchOps$1MatchSink
Event: 1.785 Loading class java/util/stream/MatchOps$1MatchSink done
Event: 2.209 Loading class sun/nio/cs/ISO_8859_1$Decoder
Event: 2.209 Loading class sun/nio/cs/ISO_8859_1$Decoder done

Classes unloaded (0 events):
No events

Classes redefined (0 events):
No events

Internal exceptions (20 events):
Event: 1.061 Thread 0x000001f99e6d3680 Exception <a 'java/lang/ExceptionInInitializerError'{0x000000071af9ab10}> (0x000000071af9ab10) 
thrown [s\open\src\hotspot\share\oops\instanceKlass.cpp, line 1192]
Event: 1.070 Thread 0x000001f99e6d3680 Exception <a 'java/lang/NoSuchMethodError'{0x000000071ac046a8}: 'long java.lang.invoke.DirectMethodHandle$Holder.invokeStatic(java.lang.Object, java.lang.Object, int)'> (0x000000071ac046a8) 
thrown [s\open\src\hotspot\share\interpreter\linkResolver.cpp, line 773]
Event: 1.071 Thread 0x000001f99e6d3680 Exception <a 'java/lang/NoSuchMethodError'{0x000000071ac17780}: 'java.lang.Object java.lang.invoke.DirectMethodHandle$Holder.invokeStatic(java.lang.Object, java.lang.Object, java.lang.Object, java.lang.Object, int)'> (0x000000071ac17780) 
thrown [s\open\src\hotspot\share\interpreter\linkResolver.cpp, line 773]
Event: 1.072 Thread 0x000001f99e6d3680 Exception <a 'java/lang/NoSuchMethodError'{0x000000071ac1f6b8}: 'java.lang.Object java.lang.invoke.DirectMethodHandle$Holder.invokeSpecial(java.lang.Object, java.lang.Object, java.lang.Object, java.lang.Object, long)'> (0x000000071ac1f6b8) 
thrown [s\open\src\hotspot\share\interpreter\linkResolver.cpp, line 773]
Event: 1.072 Thread 0x000001f99e6d3680 Exception <a 'java/lang/NoSuchMethodError'{0x000000071ac2b1d8}: 'java.lang.Object java.lang.invoke.DirectMethodHandle$Holder.invokeSpecial(java.lang.Object, java.lang.Object, java.lang.Object, int, java.lang.Object)'> (0x000000071ac2b1d8) 
thrown [s\open\src\hotspot\share\interpreter\linkResolver.cpp, line 773]
Event: 1.073 Thread 0x000001f99e6d3680 Exception <a 'java/lang/NoSuchMethodError'{0x000000071ac33318}: 'int java.lang.invoke.DirectMethodHandle$Holder.invokeSpecial(java.lang.Object, java.lang.Object, java.lang.Object, int)'> (0x000000071ac33318) 
thrown [s\open\src\hotspot\share\interpreter\linkResolver.cpp, line 773]
Event: 1.075 Thread 0x000001f99e6d3680 Implicit null exception at 0x000001f9b021435d to 0x000001f9b0214568
Event: 1.076 Thread 0x000001f99e6d3680 Exception <a 'java/lang/NoSuchMethodError'{0x000000071ac579c0}: 'java.lang.Object java.lang.invoke.Invokers$Holder.invokeExact_MT(java.lang.Object, int, java.lang.Object)'> (0x000000071ac579c0) 
thrown [s\open\src\hotspot\share\interpreter\linkResolver.cpp, line 773]
Event: 1.233 Thread 0x000001f99e6d3680 Exception <a 'java/lang/NoSuchMethodError'{0x000000071a450130}: 'void java.lang.invoke.Invokers$Holder.invokeExact_MT(java.lang.Object, java.lang.Object, java.lang.Object, java.lang.Object)'> (0x000000071a450130) 
thrown [s\open\src\hotspot\share\interpreter\linkResolver.cpp, line 773]
Event: 1.244 Thread 0x000001f99e6d3680 Exception <a 'java/lang/NoClassDefFoundError'{0x000000071a4dddc8}: com/google/inject/servlet/ServletModuleTargetVisitor> (0x000000071a4dddc8) 
thrown [s\open\src\hotspot\share\classfile\systemDictionary.cpp, line 301]
Event: 1.293 Thread 0x000001f99e6d3680 Exception <a 'java/lang/NoSuchMethodError'{0x000000071a2a09c0}: 'void java.lang.invoke.DirectMethodHandle$Holder.invokeVirtual(java.lang.Object, java.lang.Object)'> (0x000000071a2a09c0) 
thrown [s\open\src\hotspot\share\interpreter\linkResolver.cpp, line 773]
Event: 1.321 Thread 0x000001f99e6d3680 Exception <a 'java/lang/NoSuchMethodError'{0x000000071a3207e0}: 'java.lang.Object java.lang.invoke.DirectMethodHandle$Holder.invokeStaticInit(java.lang.Object, int, int, int, int)'> (0x000000071a3207e0) 
thrown [s\open\src\hotspot\share\interpreter\linkResolver.cpp, line 773]
Event: 1.403 Thread 0x000001f99e6d3680 Implicit null exception at 0x000001f9b01ad7a4 to 0x000001f9b01ade20
Event: 1.403 Thread 0x000001f99e6d3680 Implicit null exception at 0x000001f9b01af4a0 to 0x000001f9b01afb10
Event: 1.428 Thread 0x000001f99e6d3680 Exception <a 'java/lang/NoSuchMethodError'{0x0000000719cf9820}: 'void java.lang.invoke.DirectMethodHandle$Holder.invokeSpecial(java.lang.Object, java.lang.Object, java.lang.Object, java.lang.Object, java.lang.Object)'> (0x0000000719cf9820) 
thrown [s\open\src\hotspot\share\interpreter\linkResolver.cpp, line 773]
Event: 1.430 Thread 0x000001f99e6d3680 Exception <a 'java/lang/NoSuchMethodError'{0x0000000719d0f770}: 'void java.lang.invoke.DirectMethodHandle$Holder.invokeSpecial(java.lang.Object, java.lang.Object, java.lang.Object, java.lang.Object, java.lang.Object, java.lang.Object)'> (0x0000000719d0f770) 
thrown [s\open\src\hotspot\share\interpreter\linkResolver.cpp, line 773]
Event: 1.442 Thread 0x000001f99e6d3680 Exception <a 'java/lang/NoSuchMethodError'{0x0000000719a05980}: 'java.lang.Object java.lang.invoke.DirectMethodHandle$Holder.invokeVirtual(java.lang.Object, java.lang.Object, java.lang.Object)'> (0x0000000719a05980) 
thrown [s\open\src\hotspot\share\interpreter\linkResolver.cpp, line 773]
Event: 1.476 Thread 0x000001f99e6d3680 Exception <a 'java/lang/NoSuchMethodError'{0x0000000719b72398}: 'void java.lang.invoke.DirectMethodHandle$Holder.invokeVirtual(java.lang.Object, java.lang.Object, int)'> (0x0000000719b72398) 
thrown [s\open\src\hotspot\share\interpreter\linkResolver.cpp, line 773]
Event: 1.476 Thread 0x000001f99e6d3680 Exception <a 'java/lang/NoSuchMethodError'{0x0000000719b76148}: 'void java.lang.invoke.DirectMethodHandle$Holder.invokeSpecial(java.lang.Object, java.lang.Object, java.lang.Object, int)'> (0x0000000719b76148) 
thrown [s\open\src\hotspot\share\interpreter\linkResolver.cpp, line 773]
Event: 1.476 Thread 0x000001f99e6d3680 Exception <a 'java/lang/NoSuchMethodError'{0x0000000719b79818}: 'void java.lang.invoke.DelegatingMethodHandle$Holder.reinvoke_L(java.lang.Object, java.lang.Object, int)'> (0x0000000719b79818) 
thrown [s\open\src\hotspot\share\interpreter\linkResolver.cpp, line 773]

ZGC Phase Switch (0 events):
No events

VM Operations (20 events):
Event: 1.228 Executing VM operation: HandshakeAllThreads (Deoptimize)
Event: 1.229 Executing VM operation: HandshakeAllThreads (Deoptimize) done
Event: 1.250 Executing VM operation: ICBufferFull
Event: 1.250 Executing VM operation: ICBufferFull done
Event: 1.301 Executing VM operation: HandshakeAllThreads (Deoptimize)
Event: 1.301 Executing VM operation: HandshakeAllThreads (Deoptimize) done
Event: 1.330 Executing VM operation: HandshakeAllThreads (Deoptimize)
Event: 1.330 Executing VM operation: HandshakeAllThreads (Deoptimize) done
Event: 1.352 Executing VM operation: HandshakeAllThreads (Deoptimize)
Event: 1.352 Executing VM operation: HandshakeAllThreads (Deoptimize) done
Event: 1.382 Executing VM operation: HandshakeAllThreads (Deoptimize)
Event: 1.382 Executing VM operation: HandshakeAllThreads (Deoptimize) done
Event: 1.503 Executing VM operation: ICBufferFull
Event: 1.503 Executing VM operation: ICBufferFull done
Event: 1.837 Executing VM operation: ICBufferFull
Event: 1.837 Executing VM operation: ICBufferFull done
Event: 2.120 Executing VM operation: ICBufferFull
Event: 2.120 Executing VM operation: ICBufferFull done
Event: 2.418 Executing VM operation: ICBufferFull
Event: 2.418 Executing VM operation: ICBufferFull done

Events (16 events):
Event: 0.018 Thread 0x000001f99e6d3680 Thread added: 0x000001f99e6d3680
Event: 0.028 Thread 0x000001f9bfc09dd0 Thread added: 0x000001f9bfc09dd0
Event: 0.028 Thread 0x000001f9bfc0b390 Thread added: 0x000001f9bfc0b390
Event: 0.028 Thread 0x000001f9bfc10f50 Thread added: 0x000001f9bfc10f50
Event: 0.028 Thread 0x000001f9bfc140d0 Thread added: 0x000001f9bfc140d0
Event: 0.028 Thread 0x000001f9bfc15690 Thread added: 0x000001f9bfc15690
Event: 0.028 Thread 0x000001f9bfc1ec60 Thread added: 0x000001f9bfc1ec60
Event: 0.028 Thread 0x000001f9bfc25b90 Thread added: 0x000001f9bfc25b90
Event: 0.028 Thread 0x000001f9bfc47400 Thread added: 0x000001f9bfc47400
Event: 0.041 Thread 0x000001fa0513cd80 Thread added: 0x000001fa0513cd80
Event: 0.043 Thread 0x000001fa0514b5d0 Thread added: 0x000001fa0514b5d0
Event: 0.191 Thread 0x000001fa05529e10 Thread added: 0x000001fa05529e10
Event: 0.200 Thread 0x000001fa05529e10 Thread exited: 0x000001fa05529e10
Event: 0.511 Thread 0x000001fa05d637a0 Thread added: 0x000001fa05d637a0
Event: 0.529 Thread 0x000001fa05d630d0 Thread added: 0x000001fa05d630d0
Event: 1.363 Thread 0x000001fa0634e9e0 Thread added: 0x000001fa0634e9e0


Dynamic libraries:
0x00007ff7b0f90000 - 0x00007ff7b0fa0000 	C:\Program Files\Java\jdk-21\bin\java.exe
0x00007ffa191c0000 - 0x00007ffa19426000 	C:\WINDOWS\SYSTEM32\ntdll.dll
0x00007ffa184c0000 - 0x00007ffa18589000 	C:\WINDOWS\System32\KERNEL32.DLL
0x00007ffa167d0000 - 0x00007ffa16bca000 	C:\WINDOWS\System32\KERNELBASE.dll
0x00007ffa16de0000 - 0x00007ffa16f2c000 	C:\WINDOWS\System32\ucrtbase.dll
0x00007ffa10f80000 - 0x00007ffa10f99000 	C:\Program Files\Java\jdk-21\bin\jli.dll
0x00007ff9ea780000 - 0x00007ff9ea79b000 	C:\Program Files\Java\jdk-21\bin\VCRUNTIME140.dll
0x00007ffa190c0000 - 0x00007ffa19176000 	C:\WINDOWS\System32\ADVAPI32.dll
0x00007ffa19010000 - 0x00007ffa190b9000 	C:\WINDOWS\System32\msvcrt.dll
0x00007ffa18230000 - 0x00007ffa182da000 	C:\WINDOWS\System32\sechost.dll
0x00007ffa176b0000 - 0x00007ffa177c8000 	C:\WINDOWS\System32\RPCRT4.dll
0x00007ffa17340000 - 0x00007ffa17507000 	C:\WINDOWS\System32\USER32.dll
0x00007ffa16450000 - 0x00007ffa16477000 	C:\WINDOWS\System32\win32u.dll
0x00007ffa076f0000 - 0x00007ffa07982000 	C:\WINDOWS\WinSxS\amd64_microsoft.windows.common-controls_6595b64144ccf1df_6.0.26100.8521_none_3e08b75ce33403b3\COMCTL32.dll
0x00007ffa17680000 - 0x00007ffa176ab000 	C:\WINDOWS\System32\GDI32.dll
0x00007ffa16540000 - 0x00007ffa1666b000 	C:\WINDOWS\System32\gdi32full.dll
0x00007ffa16720000 - 0x00007ffa167c3000 	C:\WINDOWS\System32\msvcp_win.dll
0x00007ffa0a310000 - 0x00007ffa0a31b000 	C:\WINDOWS\SYSTEM32\VERSION.dll
0x00007ffa170f0000 - 0x00007ffa17122000 	C:\WINDOWS\System32\IMM32.DLL
0x00007ffa10f40000 - 0x00007ffa10f4c000 	C:\Program Files\Java\jdk-21\bin\vcruntime140_1.dll
0x00007ff9cf0b0000 - 0x00007ff9cf13e000 	C:\Program Files\Java\jdk-21\bin\msvcp140.dll
0x00007ff9d0b40000 - 0x00007ff9d185d000 	C:\Program Files\Java\jdk-21\bin\server\jvm.dll
0x00007ffa17130000 - 0x00007ffa171b0000 	C:\WINDOWS\System32\WS2_32.dll
0x00007ffa162b0000 - 0x00007ffa1630e000 	C:\WINDOWS\SYSTEM32\POWRPROF.dll
0x00007ffa0a9b0000 - 0x00007ffa0a9e6000 	C:\WINDOWS\SYSTEM32\WINMM.dll
0x00007ffa16290000 - 0x00007ffa162a4000 	C:\WINDOWS\SYSTEM32\UMPDC.dll
0x00007ffa151e0000 - 0x00007ffa151fb000 	C:\WINDOWS\SYSTEM32\kernel.appcore.dll
0x00007ff9ea100000 - 0x00007ff9ea10a000 	C:\Program Files\Java\jdk-21\bin\jimage.dll
0x00007ffa13bc0000 - 0x00007ffa13e02000 	C:\WINDOWS\SYSTEM32\DBGHELP.DLL
0x00007ffa177e0000 - 0x00007ffa17b63000 	C:\WINDOWS\System32\combase.dll
0x00007ffa17c30000 - 0x00007ffa17d09000 	C:\WINDOWS\System32\OLEAUT32.dll
0x00007ff9ed3b0000 - 0x00007ff9ed3eb000 	C:\WINDOWS\SYSTEM32\dbgcore.DLL
0x00007ffa16670000 - 0x00007ffa16718000 	C:\WINDOWS\System32\bcryptPrimitives.dll
0x00007ff9ea730000 - 0x00007ff9ea74f000 	C:\Program Files\Java\jdk-21\bin\java.dll
0x00007ffa18590000 - 0x00007ffa18d14000 	C:\WINDOWS\System32\SHELL32.dll
0x00007ffa13ff0000 - 0x00007ffa14870000 	C:\WINDOWS\SYSTEM32\windows.storage.dll
0x00007ffa16ff0000 - 0x00007ffa170e6000 	C:\WINDOWS\System32\SHCORE.dll
0x00007ffa17bc0000 - 0x00007ffa17c27000 	C:\WINDOWS\System32\shlwapi.dll
0x00007ffa16370000 - 0x00007ffa16399000 	C:\WINDOWS\SYSTEM32\profapi.dll
0x00007ff9e7b10000 - 0x00007ff9e7be7000 	C:\Program Files\Java\jdk-21\bin\jsvml.dll
0x00007ff9ea0f0000 - 0x00007ff9ea100000 	C:\Program Files\Java\jdk-21\bin\net.dll
0x00007ffa101f0000 - 0x00007ffa10319000 	C:\WINDOWS\SYSTEM32\WINHTTP.dll
0x00007ffa15750000 - 0x00007ffa157bc000 	C:\WINDOWS\system32\mswsock.dll
0x00007ff9e2d00000 - 0x00007ff9e2d16000 	C:\Program Files\Java\jdk-21\bin\nio.dll
0x00007ff9e2ce0000 - 0x00007ff9e2cf8000 	C:\Program Files\Java\jdk-21\bin\zip.dll
0x00007ff9f9600000 - 0x00007ff9f9624000 	C:\Program Files\apache-maven-3.9.11\lib\jansi-native\Windows\x86_64\jansi.dll
0x00007ff9ea0e0000 - 0x00007ff9ea0f0000 	C:\Program Files\Java\jdk-21\bin\verify.dll

dbghelp: loaded successfully - version: 4.0.5 - missing functions: none
symbol engine: initialized successfully - sym options: 0x614 - pdb path: .;C:\Program Files\Java\jdk-21\bin;C:\WINDOWS\SYSTEM32;C:\WINDOWS\WinSxS\amd64_microsoft.windows.common-controls_6595b64144ccf1df_6.0.26100.8521_none_3e08b75ce33403b3;C:\Program Files\Java\jdk-21\bin\server;C:\Program Files\apache-maven-3.9.11\lib\jansi-native\Windows\x86_64

VM Arguments:
jvm_args: --enable-native-access=ALL-UNNAMED -Dclassworlds.conf=C:\Program Files\apache-maven-3.9.11\bin\m2.conf -Dmaven.home=C:\Program Files\apache-maven-3.9.11 -Dlibrary.jansi.path=C:\Program Files\apache-maven-3.9.11\lib\jansi-native -Dmaven.multiModuleProjectDirectory=C:\Users\sivaa\Documents\project_management_app\backend 
java_command: org.codehaus.plexus.classworlds.launcher.Launcher test -Dtest=*Chat*
java_class_path (initial): C:\Program Files\apache-maven-3.9.11\boot\plexus-classworlds-2.9.0.jar
Launcher Type: SUN_STANDARD

[Global flags]
     intx CICompilerCount                          = 4                                         {product} {ergonomic}
     uint ConcGCThreads                            = 3                                         {product} {ergonomic}
     uint G1ConcRefinementThreads                  = 10                                        {product} {ergonomic}
   size_t G1HeapRegionSize                         = 2097152                                   {product} {ergonomic}
    uintx GCDrainStackTargetSize                   = 64                                        {product} {ergonomic}
   size_t InitialHeapSize                          = 257949696                                 {product} {ergonomic}
   size_t MarkStackSize                            = 4194304                                   {product} {ergonomic}
   size_t MaxHeapSize                              = 4097835008                                {product} {ergonomic}
   size_t MaxNewSize                               = 2457862144                                {product} {ergonomic}
   size_t MinHeapDeltaBytes                        = 2097152                                   {product} {ergonomic}
   size_t MinHeapSize                              = 8388608                                   {product} {ergonomic}
    uintx NonNMethodCodeHeapSize                   = 5839372                                {pd product} {ergonomic}
    uintx NonProfiledCodeHeapSize                  = 122909434                              {pd product} {ergonomic}
    uintx ProfiledCodeHeapSize                     = 122909434                              {pd product} {ergonomic}
    uintx ReservedCodeCacheSize                    = 251658240                              {pd product} {ergonomic}
     bool SegmentedCodeCache                       = true                                      {product} {ergonomic}
   size_t SoftMaxHeapSize                          = 4097835008                             {manageable} {ergonomic}
     bool UseCompressedOops                        = true                           {product lp64_product} {ergonomic}
     bool UseG1GC                                  = true                                      {product} {ergonomic}
     bool UseLargePagesIndividualAllocation        = false                                  {pd product} {ergonomic}

Logging:
Log output configuration:
 #0: stdout all=warning uptime,level,tags foldmultilines=false
 #1: stderr all=off uptime,level,tags foldmultilines=false

Environment Variables:
PATH=C:\Program Files\Common Files\Oracle\Java\javapath;C:\Python313\Scripts\;C:\Python313\;C:\WINDOWS\system32;C:\WINDOWS;C:\WINDOWS\System32\Wbem;C:\WINDOWS\System32\WindowsPowerShell\v1.0\;C:\WINDOWS\System32\OpenSSH\;C:\Program Files\nodejs\;C:\ProgramData\chocolatey\bin;C:\MinGW\bin;C:\Program Files\Git\cmd;C:\Program Files\apache-maven-3.9.11\bin;;C:\Program Files\Docker\Docker\resources\bin;C:\Program Files\dotnet\;C:\Program Files\Microsoft SQL Server\Client SDK\ODBC\170\Tools\Binn\;C:\Program Files (x86)\Microsoft SQL Server\150\Tools\Binn\;C:\Program Files\Microsoft SQL Server\150\Tools\Binn\;C:\Program Files\Microsoft SQL Server\150\DTS\Binn\;C:\Users\sivaa\AppData\Local\Microsoft\WindowsApps;C:\Users\sivaa\AppData\Local\Programs\Microsoft VS Code\bin;C:\Users\sivaa\AppData\Roaming\npm;C:\Program Files\JetBrains\IntelliJ IDEA 2025.3.1\bin;C:\Users\sivaa\AppData\Local\Programs\Antigravity\bin;C:\Users\sivaa\AppData\Local\Programs\cursor\resources\app\bin;C:\Users\sivaa\.dotnet\tools
USERNAME=sivaa
OS=Windows_NT
PROCESSOR_IDENTIFIER=AMD64 Family 25 Model 117 Stepping 2, AuthenticAMD
TMP=C:\Users\sivaa\AppData\Local\Temp
TEMP=C:\Users\sivaa\AppData\Local\Temp




Periodic native trim disabled

---------------  S Y S T E M  ---------------

OS:
 Windows 11 , 64 bit Build 26100 (10.0.26100.8521)
OS uptime: 0 days 15:24 hours
Hyper-V role detected

CPU: total 12 (initial active 12) (12 cores per cpu, 2 threads per core) family 25 model 117 stepping 2 microcode 0xa70520a, cx8, cmov, fxsr, ht, mmx, 3dnowpref, sse, sse2, sse3, ssse3, sse4a, sse4.1, sse4.2, popcnt, lzcnt, tsc, tscinvbit, avx, avx2, aes, erms, clmul, bmi1, bmi2, adx, avx512f, avx512dq, avx512cd, avx512bw, avx512vl, sha, fma, vzeroupper, avx512_vpopcntdq, avx512_vpclmulqdq, avx512_vaes, avx512_vnni, clflush, clflushopt, avx512_vbmi2, avx512_vbmi, hv, rdtscp, rdpid, fsrm, gfni, avx512_bitalg, f16c, cet_ss, avx512_ifma
Processor Information for all 12 processors :
  Max Mhz: 3501, Current Mhz: 3501, Mhz Limit: 3501

Memory: 4k page, system-wide physical 15624M (1764M free)
TotalPageFile size 35041M (AvailPageFile size 7M)
current process WorkingSet (physical memory assigned to process): 231M, peak: 231M
current process commit charge ("private bytes"): 397M, peak: 402M

vm_info: Java HotSpot(TM) 64-Bit Server VM (21.0.8+12-LTS-250) for windows-amd64 JRE (21.0.8+12-LTS-250), built on 2025-06-27T08:11:22Z by "mach5one" with MS VC++ 17.6 (VS2022)

END.
